<?xml version="1.0" encoding="UTF-8"?>
<testsuite name="com.Pongdang_Server2.PongdangServer2ApplicationTests" tests="1" skipped="0" failures="0" errors="0" timestamp="2023-04-14T14:18:28" hostname="gimjihun-ui-MacBookPro.local" time="0.153">
  <properties/>
  <testcase name="contextLoads()" classname="com.Pongdang_Server2.PongdangServer2ApplicationTests" time="0.153"/>
  <system-out><![CDATA[23:18:26.636 [Test worker] DEBUG org.springframework.boot.test.context.SpringBootTestContextBootstrapper -- Neither @ContextConfiguration nor @ContextHierarchy found for test class [PongdangServer2ApplicationTests]: using SpringBootContextLoader
23:18:26.639 [Test worker] DEBUG org.springframework.test.context.support.AbstractContextLoader -- Could not detect default resource locations for test class [com.Pongdang_Server2.PongdangServer2ApplicationTests]: no resource found for suffixes {-context.xml, Context.groovy}.
23:18:26.640 [Test worker] INFO org.springframework.test.context.support.AnnotationConfigContextLoaderUtils -- Could not detect default configuration classes for test class [com.Pongdang_Server2.PongdangServer2ApplicationTests]: PongdangServer2ApplicationTests does not declare any static, non-private, non-final, nested classes annotated with @Configuration.
23:18:26.652 [Test worker] DEBUG org.springframework.boot.test.context.SpringBootTestContextBootstrapper -- Using ContextCustomizers for test class [PongdangServer2ApplicationTests]: [DisableObservabilityContextCustomizer, PropertyMappingContextCustomizer, Customizer, ExcludeFilterContextCustomizer, DuplicateJsonObjectContextCustomizer, MockitoContextCustomizer, TestRestTemplateContextCustomizer]
23:18:26.719 [Test worker] DEBUG org.springframework.context.annotation.ClassPathScanningCandidateComponentProvider -- Identified candidate component class: file [/Users/kimjihoon/Desktop/Pongdang_Server2/build/classes/java/main/com/Pongdang_Server2/PongdangServer2Application.class]
23:18:26.720 [Test worker] INFO org.springframework.boot.test.context.SpringBootTestContextBootstrapper -- Found @SpringBootConfiguration com.Pongdang_Server2.PongdangServer2Application for test class com.Pongdang_Server2.PongdangServer2ApplicationTests
23:18:26.804 [Test worker] DEBUG org.springframework.boot.test.context.SpringBootTestContextBootstrapper -- Using TestExecutionListeners for test class [PongdangServer2ApplicationTests]: [ServletTestExecutionListener, DirtiesContextBeforeModesTestExecutionListener, ApplicationEventsTestExecutionListener, MockitoTestExecutionListener, DependencyInjectionTestExecutionListener, DirtiesContextTestExecutionListener, TransactionalTestExecutionListener, SqlScriptsTestExecutionListener, EventPublishingTestExecutionListener, RestDocsTestExecutionListener, MockRestServiceServerResetTestExecutionListener, MockMvcPrintOnlyOnFailureTestExecutionListener, WebDriverTestExecutionListener, MockWebServiceServerTestExecutionListener, ResetMocksTestExecutionListener]
23:18:26.806 [Test worker] DEBUG org.springframework.test.context.support.AbstractDirtiesContextTestExecutionListener -- Before test class: class [PongdangServer2ApplicationTests], class annotated with @DirtiesContext [false] with mode [null]

  .   ____          _            __ _ _
 /\\ / ___'_ __ _ _(_)_ __  __ _ \ \ \ \
( ( )\___ | '_ | '_| | '_ \/ _` | \ \ \ \
 \\/  ___)| |_)| | | | | || (_| |  ) ) ) )
  '  |____| .__|_| |_|_| |_\__, | / / / /
 =========|_|==============|___/=/_/_/_/
 :: Spring Boot ::                (v3.0.5)

2023-04-14T23:18:27.000+09:00  INFO 19951 --- [    Test worker] c.P.PongdangServer2ApplicationTests      : Starting PongdangServer2ApplicationTests using Java 17.0.5 with PID 19951 (started by kimjihoon in /Users/kimjihoon/Desktop/Pongdang_Server2)
2023-04-14T23:18:27.001+09:00  INFO 19951 --- [    Test worker] c.P.PongdangServer2ApplicationTests      : The following 1 profile is active: "prod"
2023-04-14T23:18:27.261+09:00  INFO 19951 --- [    Test worker] .s.d.r.c.RepositoryConfigurationDelegate : Bootstrapping Spring Data JPA repositories in DEFAULT mode.
2023-04-14T23:18:27.269+09:00  INFO 19951 --- [    Test worker] .s.d.r.c.RepositoryConfigurationDelegate : Finished Spring Data repository scanning in 5 ms. Found 0 JPA repository interfaces.
2023-04-14T23:18:27.453+09:00  INFO 19951 --- [    Test worker] com.zaxxer.hikari.HikariDataSource       : HikariPool-1 - Starting...
2023-04-14T23:18:27.632+09:00  INFO 19951 --- [    Test worker] com.zaxxer.hikari.pool.HikariPool        : HikariPool-1 - Added connection com.mysql.cj.jdbc.ConnectionImpl@4b03cbad
2023-04-14T23:18:27.633+09:00  INFO 19951 --- [    Test worker] com.zaxxer.hikari.HikariDataSource       : HikariPool-1 - Start completed.
2023-04-14T23:18:27.666+09:00  INFO 19951 --- [    Test worker] o.hibernate.jpa.internal.util.LogHelper  : HHH000204: Processing PersistenceUnitInfo [name: default]
2023-04-14T23:18:27.695+09:00  INFO 19951 --- [    Test worker] org.hibernate.Version                    : HHH000412: Hibernate ORM core version 6.1.7.Final
2023-04-14T23:18:27.859+09:00  INFO 19951 --- [    Test worker] SQL dialect                              : HHH000400: Using dialect: org.hibernate.dialect.MySQLDialect
2023-04-14T23:18:27.972+09:00  INFO 19951 --- [    Test worker] o.h.e.t.j.p.i.JtaPlatformInitiator       : HHH000490: Using JtaPlatform implementation: [org.hibernate.engine.transaction.jta.platform.internal.NoJtaPlatform]
2023-04-14T23:18:27.977+09:00  INFO 19951 --- [    Test worker] j.LocalContainerEntityManagerFactoryBean : Initialized JPA EntityManagerFactory for persistence unit 'default'
2023-04-14T23:18:28.068+09:00  WARN 19951 --- [    Test worker] JpaBaseConfiguration$JpaWebConfiguration : spring.jpa.open-in-view is enabled by default. Therefore, database queries may be performed during view rendering. Explicitly configure spring.jpa.open-in-view to disable this warning
2023-04-14T23:18:28.211+09:00  INFO 19951 --- [    Test worker] o.s.b.a.w.s.WelcomePageHandlerMapping    : Adding welcome page: class path resource [static/index.html]
2023-04-14T23:18:28.334+09:00  INFO 19951 --- [    Test worker] c.P.PongdangServer2ApplicationTests      : Started PongdangServer2ApplicationTests in 1.482 seconds (process running for 2.15)
]]></system-out>
  <system-err><![CDATA[]]></system-err>
</testsuite>
